# sales/easy
# params: {'question': 'What can your team do?'}
# marker: SALES-INFO
# status: ok
# elapsed: 15.4s
# sub_recipe_invoked: True
# reason: 
---


| **✉️ Outreach Drafting**        | Personalized cold emails, LinkedIn messages, and multi-channel sequences                           |
| **🤝 Deal Closing & Follow-up** | Structured cadences (3–7 touchpoints), objection handling scripts, next-step recommendations       |
### 🔄 Pipeline Flow

```
You (Query) → Orchestrator → Lead Scraper → Lead Verifier (⛔ mandatory)
    → Outreach Drafter → Deal Closer → Final Report with source URLs
```

### 🛡️ Our Guarantees
- **Source Transparency** — every recommendation includes source URLs
- **Confidence Scoring** — every lead scored 0.0–1.0
- **No Fabrication** — we never make up leads or data
- **Quality Gate** — no lead reaches outreach without verification

**Ready to start?** Just tell us your industry, target role, location, or any ICP criteria and we'll dispatch the right agents to get you results! 🚀

SALES-INFO
