=== PROMPT ===
I am running the improvement system on 3 demo teams. A bug was discovered:

**Bug class**: goose 1.43.0 + Issue 7355/7570 (PR #6964) — `summon` extension moved from builtin → platform. Recipes with own extensions-block must list `type: platform` for summon.

**Already manually fixed**:
- /tmp/sales-team/recipe/sales-team.yaml (added extensions: [summon type:platform])
- /tmp/translator-team/recipe/translator-team.yaml (same)
- /tmp/marketing-team/recipe/marketing-team.yaml (same)
- /root/.config/goose/recipes/sub/sub_mas-general-improver.yaml (changed type:builtin → type:platform)
- /root/.config/goose/recipes/sub/sub_mas-team-packager.yaml (same)

**Your task**:
1. Verify each fix is correct (read files, check syntax with `goose run --recipe X --render-recipe`)
2. Search /root/.config/goose/recipes/ for ANY other recipe with `type: builtin` for summon (or any other broken summon reference) and list them
3. Confirm no other recipes in /tmp/{sales-team,translator-team,marketing-team}/ are affected
4. Output a clear status: which recipes are fixed, which still broken, recommendation for follow-up

DO NOT modify any files. Read-only analysis. Output final report.
=== END PROMPT ===

=== STDOUT ===

=== STDERR ===
error: the argument '--recipe <RECIPE_NAME or FULL_PATH_TO_RECIPE_FILE>' cannot be used with '--text <TEXT>'

Usage: goose run --recipe <RECIPE_NAME or FULL_PATH_TO_RECIPE_FILE> --no-session

For more information, try '--help'.

=== EXIT CODE: 2 ===
