# sales/easy
# params: {'question': 'What can your team do?'}
# marker: SALES-INFO
# status: ok
# elapsed: 13.7s
# sub_recipe_invoked: True
# reason: 
---

!) → Outreach Drafter → Deal Closer → Final Recommendation + Sources
```

### ⚡ Core Principles
- **Quality Gate**: Every lead must pass the Lead Verifier before outreach is drafted
- **Source Transparency**: All recommendations include source URLs — no fabricated data
- **Confidence Scoring**: Every lead is scored 0–1 so you know who to prioritize
- **No Fabrication**: We never make up companies or contact info

### 🚀 Example Queries
> *"Find AI startups in San Francisco for our enterprise SaaS"*
> *"Verify these 3 leads and draft outreach for verified ones"*
> *"Help me close a deal with Acme Corp in logistics AI"*
> *"Review our sales pipeline for Q3"*

**Ready to start?** Just tell me what you need — leads, verification, outreach, or closing strategy — and the team gets moving! 🎯

SALES-INFO
