# marketing/medium
# params: {'task': 'Draft 3 Twitter/X posts (under 280 chars each) for a B2B SaaS product launch about an AI code-review tool.', 'specialist': 'social-media-manager'}
# marker: TWEETS-DONE
# status: ok
# elapsed: 29.5s
# sub_recipe_invoked: True
# reason: 
---


> Our AI reviews every PR in seconds — style, security, logic. Your engineers focus on architecture, not nitpicks.
> 
> Join 200+ engineering teams already shipping with confidence.
> 
> #AIDevelopment #SoftwareEngineering #DevProductivity

---

**Post 3 — Launch Announcement (Urgency)**  
*279 chars*

> 🚀 We just launched the AI code reviewer your team has been waiting for.
> 
> • Instant PR reviews  
> • 40% fewer production bugs  
> • Zero context switching
> 
> First 100 signups get 2 months free. 👇
> [link]
> 
> #ProductLaunch #DevTools #CodeQuality

---

**Strategy Summary**

| Post | Angle          | Hook                                  |
|------|----------------|---------------------------------------|
| 1    | Pain point     | Bottlenecked PRs, overwhelmed seniors |
| 2    | Social proof   | 3x faster shipping, 200+ teams        |
| 3    | Launch urgency | Free trial + limited offer            |
All 3 posts are under 280 characters, use 2-3 relevant hashtags, and target developer/engineering decision-makers on Twitter/X.

TWEETS-DONE
