# sales/hard
# params: {'task': 'Run the full sales pipeline for ONE German AI startup in Munich: scrape lead, verify (mandatory), draft personalized outreach, then build a close plan with objection handling.', 'region': 'Munich', 'industry': 'AI'}
# marker: CLOSE-DONE
# status: ok
# elapsed: 100.0s
# sub_recipe_invoked: True
# reason: 
---

m| **Lead Scraper** — Identified **Helsing SE**              | ✅ Done   |
| 2️⃣   | **Lead Verifier (MANDATORY)** — Scored **0.92/1.00**      | ✅ Passed |
| 3️⃣   | **Outreach Drafter** — Email (EN) + LinkedIn (DE) drafted | ✅ Done   |
| 4️⃣   | **Deal Closer** — 30-day cadence + 7 objections handled   | ✅ Done   |
**Key Details:**
- **Company**: Helsing SE — Defence AI, Munich
- **Founded**: 2021 by Torsten Reil, Gundbert Scherf, Niklas Köhler
- **Chairman**: Daniel Ek (Spotify)
- **Confidence Score**: **0.92** ✅ Verified
- **Verification Sources**: Wikipedia, LinkedIn, GitHub, helsing.ai

**Outreach**: Personalized English email for professional outreach, plus a German LinkedIn message leveraging the Munich-local angle.

**Close Plan**: 30-day follow-up cadence across email & LinkedIn with objections covering: timing, budget, security concerns, existing solutions, and the "we build our own AI" objection — all with Munich ecosystem angles (Werksviertel coffee, TUM talent pool, etc.).

CLOSE-DONE
