# sales/easy
# params: {'question': 'What can your team do?'}
# marker: SALES-INFO
# status: ok
# elapsed: 11.7s
# sub_recipe_invoked: True
# reason: 
---

### How the Pipeline Works

```
Your Query → Orchestrator → Lead Scraper → Lead Verifier (MANDATORY) → Outreach Drafter → Deal Closer → Final Recommendation + Sources
```

### Example Things You Can Ask

- *"Find AI startups in San Francisco for our enterprise SaaS"* → Scrape → Verify → Report
- *"Verify these 3 leads and draft outreach"* → Verify → Draft → Report
- *"Help me close a deal with Acme Corp in logistics AI"* → Draft → Close → Report
- *"Review our sales pipeline for Q3"* → Analysis → Report

### Key Guarantees

- ✅ Every lead **must** pass through the Lead Verifier before outreach
- 🔗 All recommendations include source URLs
- 📊 Every lead gets a confidence score (0–1)
- 🚫 No fabrication — never makes up leads or company info

---

**Ready to generate some leads?** Just describe your target market, leads, or sales challenge!

SALES-INFO
