# marketing/easy
# params: {'question': 'What can your team do?'}
# marker: MARKETING-INFO
# status: ok
# elapsed: 16.9s
# sub_recipe_invoked: True
# reason: 
---

 Manager**   | Platform-adapted content for Twitter/X, LinkedIn, Instagram, TikTok; cross-platform repurposing |
| **📊 Analytics Reporter**     | Marketing benchmarks, case studies, data-backed recommendations                                 |
| **📧 Email Campaign Manager** | Email sequences, campaign structures, subject lines & CTAs, segmentation strategies             |
### 🎯 Example Workflows
- *"Write a blog post about AI"* → SEO Researcher + Content Writer
- *"Launch a new product"* → All 5 specialists
- *"Build a LinkedIn campaign"* → SEO Researcher + Content Writer + Social Media Manager
- *"Create an email welcome sequence"* → Content Writer + Email Campaign Manager

Every request returns a **unified marketing plan** with executive summary, specialist outputs, actionable next steps, and cross-channel coordination.

---

**Ready to get started?** Just tell me what you need!

MARKETING-INFO
