# sales/easy
# params: {'question': 'What can your team do?'}
# marker: SALES-INFO
# status: ok
# elapsed: 13.4s
# sub_recipe_invoked: True
# reason: 
---


         ↓
      🔍 Lead Scraper
         ↓
      ✅ Lead Verifier ══ MANDATORY QUALITY GATE ══
         ↓
      ✉️ Outreach Drafter
         ↓
      🤝 Deal Closer
         ↓
      📋 Final Recommendation + Sources
```

### 🚀 Example Queries You Can Ask
- *"Find AI startups in San Francisco for our enterprise SaaS"*
- *"Verify these 3 leads and draft outreach for verified ones"*
- *"Help me close a deal with Acme Corp in logistics AI"*
- *"Review our sales pipeline for Q3"*

### ⚠️ Quality Guarantees
- ✅ **Quality Gate** — every lead passes through verification before outreach
- 🔗 **Source Transparency** — every recommendation includes source URLs
- 📊 **Confidence Scoring** — every lead scored 0–1
- 🚫 **No Fabrication** — never made-up leads or data

Just tell me your ICP, target industry, or a specific company — and I'll run the full pipeline for you! 🚀

SALES-INFO
