# marketing/hard
# params: {'task': 'Build a GTM plan for a new AI code-review SaaS targeting EU mid-market (50-500 employees).', 'region': 'EU', 'specialists': 'seo-researcher, content-writer, social-media-manager, email-campaign-manager, analytics-reporter'}
# marker: GTM-DONE
# status: ok
# elapsed: 72.1s
# sub_recipe_invoked: True
# reason: 
---

ch (3 target accounts)
- [ ] First email campaign to warm leads

### Phase 3: Scale (Weeks 9–16)
- [ ] Expand to NL, SE, ES content localization
- [ ] Launch retargeting campaigns
- [ ] Publish first case studies
- [ ] Optimize SEO based on first 8 weeks of data
- [ ] Introduce referral program for existing users

### Phase 4: Optimize (Weeks 17–24)
- [ ] Full funnel audit
- [ ] A/B test pricing page
- [ ] Expand to additional EU markets (IT, PL)
- [ ] Build community (Slack/Discord for users)
- [ ] Plan for conferences (Berlin Tech, DevSummit Stockholm, Paris Dev)

---

**Contributions by Specialist:**

| Specialist                | Contribution                                                          |
|---------------------------|-----------------------------------------------------------------------|
| 🔍 SEO Researcher         | Keyword clusters, geo-targeting, competitor gaps, technical SEO       |
| ✍️ Content Writer         | Positioning, pillar content, landing pages, ad copy, case studies     |
| 📱 Social Media Manager   | Platform strategy, content cadence, launch timeline, influencer plan  |
| 📧 Email Campaign Manager | Nurture sequence, segmentation, EU compliance, send-time optimization |
| 📊 Analytics Reporter     | KPI framework, benchmarks, dashboard dimensions, review cadence       |
GTM-DONE
