
============================================================
  E2E TEAMS — BUSINESS USE-CASE TEST
============================================================
[08:21:31] [INFO] Treats each demo team as a real human user would.
[08:21:31] [INFO] Teams are NOT in this repo. See docs/E2E_TEAMS_SETUP.md.
[08:21:31] [INFO] Mechanism: wrapper recipe (in /tmp) with sub_recipes: array + jinja params.
[08:21:31] [INFO] 

============================================================
  Team recipes found
============================================================
[08:21:31] [INFO]   translator   ✓  /root/.config/goose/recipes/translator/translator-team.yaml
[08:21:31] [INFO]   sales        ✓  /root/.config/goose/recipes/sales/sales-team.yaml
[08:21:31] [INFO]   marketing    ✓  /root/.config/goose/recipes/marketing/marketing-team.yaml
[08:21:31] [INFO] results dir: e2e-results/2026-07-23-teams-21

============================================================
  TEST: translator/easy
============================================================
[08:21:31] [INFO]   translator/easy: starting (timeout=120s, wrapper=/tmp/e2e_teams_recipes/translator-easy.yaml)
[08:21:54] [INFO]     [22.9s] status=ok  marker=✓  sub_recipe=✓  reason=all checks passed

============================================================
  TEST: translator/medium
============================================================
[08:21:55] [INFO]   translator/medium: starting (timeout=150s, wrapper=/tmp/e2e_teams_recipes/translator-medium.yaml)
[08:22:37] [INFO]     [41.9s] status=ok  marker=✓  sub_recipe=✓  reason=all checks passed

============================================================
  TEST: translator/hard
============================================================
[08:22:38] [INFO]   translator/hard: starting (timeout=180s, wrapper=/tmp/e2e_teams_recipes/translator-hard.yaml)
[08:23:07] [INFO]     [29.1s] status=fail  marker=✓  sub_recipe=✓  reason=forbidden keywords present (translation too literal): ['spilt milk', 'verschüttete Milch']

============================================================
  TEST: sales/easy
============================================================
[08:23:08] [INFO]   sales/easy: starting (timeout=120s, wrapper=/tmp/e2e_teams_recipes/sales-easy.yaml)
[08:23:20] [INFO]     [11.7s] status=ok  marker=✓  sub_recipe=✓  reason=all checks passed

============================================================
  TEST: sales/medium
============================================================
[08:23:21] [INFO]   sales/medium: starting (timeout=600s, wrapper=/tmp/e2e_teams_recipes/sales-medium.yaml)
[08:26:32] [INFO]     [190.8s] status=fail  marker=✗  sub_recipe=✓  reason=marker 'LEAD-DONE' not found in output (waited 191s)

============================================================
  TEST: sales/hard
============================================================
[08:26:33] [INFO]   sales/hard: starting (timeout=300s, wrapper=/tmp/e2e_teams_recipes/sales-hard.yaml)
[08:28:12] [INFO]     [100.0s] status=ok  marker=✓  sub_recipe=✓  reason=all checks passed

============================================================
  TEST: marketing/easy
============================================================
[08:28:13] [INFO]   marketing/easy: starting (timeout=120s, wrapper=/tmp/e2e_teams_recipes/marketing-easy.yaml)
[08:28:27] [INFO]     [13.8s] status=ok  marker=✓  sub_recipe=✓  reason=all checks passed

============================================================
  TEST: marketing/medium
============================================================
[08:28:28] [INFO]   marketing/medium: starting (timeout=180s, wrapper=/tmp/e2e_teams_recipes/marketing-medium.yaml)
[08:28:58] [INFO]     [29.5s] status=ok  marker=✓  sub_recipe=✓  reason=all checks passed

============================================================
  TEST: marketing/hard
============================================================
[08:28:59] [INFO]   marketing/hard: starting (timeout=300s, wrapper=/tmp/e2e_teams_recipes/marketing-hard.yaml)
[08:29:54] [INFO]     [54.7s] status=fail  marker=✗  sub_recipe=✓  reason=marker 'GTM-DONE' not found in output (waited 55s)

============================================================
  FINAL SCORE
============================================================
[08:29:55] [INFO] TOTAL: 9 tests, 6 PASS, 3 FAIL, 0 TIMEOUT, 0 SKIP
[08:29:55] [INFO] Pass rate (excluding skips): 6/9 = 66.7%
[08:29:55] [INFO] Wall time: 503.5s
[08:29:55] [INFO] 
[08:29:55] [INFO] Per-test breakdown:
[08:29:55] [INFO]   translator/easy            ok          22.9s  
[08:29:55] [INFO]   translator/medium          ok          41.9s  
[08:29:55] [INFO]   translator/hard            fail        29.1s  forbidden keywords present (translation too literal): ['spilt milk', 'verschüttete Milch']
[08:29:55] [INFO]   sales/easy                 ok          11.7s  
[08:29:55] [INFO]   sales/medium               fail       190.8s  marker 'LEAD-DONE' not found in output (waited 191s)
[08:29:55] [INFO]   sales/hard                 ok         100.0s  
[08:29:55] [INFO]   marketing/easy             ok          13.8s  
[08:29:55] [INFO]   marketing/medium           ok          29.5s  
[08:29:55] [INFO]   marketing/hard             fail        54.7s  marker 'GTM-DONE' not found in output (waited 55s)
[08:29:55] [INFO] 
[08:29:55] [INFO] Results: e2e-results/2026-07-23-teams-21/
[08:29:55] [INFO] 
[08:29:55] [ERROR] FAIL (3 of 9 runnable tests failed)
