
============================================================
  E2E TEAMS — BUSINESS USE-CASE TEST
============================================================
[08:18:04] [INFO] Treats each demo team as a real human user would.
[08:18:04] [INFO] Teams are NOT in this repo. See docs/E2E_TEAMS_SETUP.md.
[08:18:04] [INFO] Mechanism: wrapper recipe (in /tmp) with sub_recipes: array + jinja params.
[08:18:04] [INFO] 

============================================================
  Team recipes found
============================================================
[08:18:04] [INFO]   translator   ✓  /root/.config/goose/recipes/translator/translator-team.yaml
[08:18:04] [INFO]   sales        ✓  /root/.config/goose/recipes/sales/sales-team.yaml
[08:18:04] [INFO]   marketing    ✓  /root/.config/goose/recipes/marketing/marketing-team.yaml
[08:18:04] [INFO] results dir: e2e-results/2026-07-23-teams-19

============================================================
  TEST: translator/easy
============================================================
[08:18:04] [INFO]   translator/easy: starting (timeout=120s, wrapper=/tmp/e2e_teams_recipes/translator-easy.yaml)
[08:18:05] [INFO]     [1.2s] status=fail  marker=✗  sub_recipe=✗  reason=marker 'Hallo' not found in output (waited 1s)

============================================================
  TEST: translator/medium
============================================================
[08:18:06] [INFO]   translator/medium: starting (timeout=150s, wrapper=/tmp/e2e_teams_recipes/translator-medium.yaml)
[08:18:07] [INFO]     [1.2s] status=fail  marker=✗  sub_recipe=✗  reason=marker 'Hallo' not found in output (waited 1s)

============================================================
  TEST: translator/hard
============================================================
[08:18:08] [INFO]   translator/hard: starting (timeout=180s, wrapper=/tmp/e2e_teams_recipes/translator-hard.yaml)
[08:18:09] [INFO]     [1.1s] status=fail  marker=✗  sub_recipe=✗  reason=marker 'Hallo' not found in output (waited 1s)

============================================================
  TEST: sales/easy
============================================================
[08:18:10] [INFO]   sales/easy: starting (timeout=120s, wrapper=/tmp/e2e_teams_recipes/sales-easy.yaml)
[08:18:12] [INFO]     [1.2s] status=fail  marker=✗  sub_recipe=✗  reason=marker 'SALES-INFO' not found in output (waited 1s)

============================================================
  TEST: sales/medium
============================================================
[08:18:13] [INFO]   sales/medium: starting (timeout=600s, wrapper=/tmp/e2e_teams_recipes/sales-medium.yaml)
[08:18:14] [INFO]     [1.2s] status=fail  marker=✗  sub_recipe=✗  reason=marker 'LEAD-DONE' not found in output (waited 1s)

============================================================
  TEST: sales/hard
============================================================
[08:18:15] [INFO]   sales/hard: starting (timeout=300s, wrapper=/tmp/e2e_teams_recipes/sales-hard.yaml)
[08:18:16] [INFO]     [1.1s] status=fail  marker=✗  sub_recipe=✗  reason=marker 'CLOSE-DONE' not found in output (waited 1s)

============================================================
  TEST: marketing/easy
============================================================
[08:18:17] [INFO]   marketing/easy: starting (timeout=120s, wrapper=/tmp/e2e_teams_recipes/marketing-easy.yaml)
[08:18:18] [INFO]     [1.2s] status=fail  marker=✗  sub_recipe=✗  reason=marker 'MARKETING-INFO' not found in output (waited 1s)

============================================================
  TEST: marketing/medium
============================================================
[08:18:19] [INFO]   marketing/medium: starting (timeout=180s, wrapper=/tmp/e2e_teams_recipes/marketing-medium.yaml)
[08:18:20] [INFO]     [1.2s] status=fail  marker=✗  sub_recipe=✗  reason=marker 'TWEETS-DONE' not found in output (waited 1s)

============================================================
  TEST: marketing/hard
============================================================
[08:18:21] [INFO]   marketing/hard: starting (timeout=300s, wrapper=/tmp/e2e_teams_recipes/marketing-hard.yaml)
[08:18:22] [INFO]     [1.2s] status=fail  marker=✗  sub_recipe=✗  reason=marker 'GTM-DONE' not found in output (waited 1s)

============================================================
  FINAL SCORE
============================================================
[08:18:23] [INFO] TOTAL: 9 tests, 0 PASS, 9 FAIL, 0 TIMEOUT, 0 SKIP
[08:18:23] [INFO] Pass rate (excluding skips): 0/9 = 0.0%
[08:18:23] [INFO] Wall time: 19.5s
[08:18:23] [INFO] 
[08:18:23] [INFO] Per-test breakdown:
[08:18:23] [INFO]   translator/easy            fail         1.2s  marker 'Hallo' not found in output (waited 1s)
[08:18:23] [INFO]   translator/medium          fail         1.2s  marker 'Hallo' not found in output (waited 1s)
[08:18:23] [INFO]   translator/hard            fail         1.1s  marker 'Hallo' not found in output (waited 1s)
[08:18:23] [INFO]   sales/easy                 fail         1.2s  marker 'SALES-INFO' not found in output (waited 1s)
[08:18:23] [INFO]   sales/medium               fail         1.2s  marker 'LEAD-DONE' not found in output (waited 1s)
[08:18:23] [INFO]   sales/hard                 fail         1.1s  marker 'CLOSE-DONE' not found in output (waited 1s)
[08:18:23] [INFO]   marketing/easy             fail         1.2s  marker 'MARKETING-INFO' not found in output (waited 1s)
[08:18:23] [INFO]   marketing/medium           fail         1.2s  marker 'TWEETS-DONE' not found in output (waited 1s)
[08:18:23] [INFO]   marketing/hard             fail         1.2s  marker 'GTM-DONE' not found in output (waited 1s)
[08:18:23] [INFO] 
[08:18:23] [INFO] Results: e2e-results/2026-07-23-teams-19/
[08:18:23] [INFO] 
[08:18:23] [ERROR] FAIL (9 of 9 runnable tests failed)
