# sales/easy
# params: {'question': 'What can your team do?'}
# marker: SALES-INFO
# status: ok
# elapsed: 16.2s
# sub_recipe_invoked: True
# reason: 
---

----------------------------|
| 🎯 **Sales Orchestrator** | Main coordinator — decomposes queries and dispatches work                  |
| 🔍 **Lead Scraper**       | Finds B2B leads matching your Ideal Customer Profile (ICP)                 |
| ✅ **Lead Verifier**      | Mandatory quality gate — filters spam, cross-checks data, scores leads 0–1 |
| ✉️ **Outreach Drafter**   | Creates personalized sales messages and cold emails                        |
| 🤝 **Deal Closer**        | Develops follow-up cadence and objection-handling strategies               |
**Example queries we handle:**
- *"Find AI startups in San Francisco for our enterprise SaaS"*
- *"Verify these 3 leads and draft outreach for verified ones"*
- *"Help me close a deal with Acme Corp in logistics AI"*
- *"Create a 7-touch follow-up cadence for our top prospect"*

**Our guarantees:** Every lead is verified through a mandatory quality gate, all recommendations include source URLs, and we never fabricate companies or contact info.

SALES-INFO
