node:events:497
      throw er; // Unhandled 'error' event
      ^

Error: listen EADDRINUSE: address already in use 0.0.0.0:3000
    at Server.setupListenHandle [as _listen2] (node:net:1934:16)
    at listenInCluster (node:net:1991:12)
    at node:net:2200:7
    at process.processTicksAndRejections (node:internal/process/task_queues:89:21)
Emitted 'error' event on Server instance at:
    at emitErrorNT (node:net:1970:8)
    at process.processTicksAndRejections (node:internal/process/task_queues:89:21) {
  code: 'EADDRINUSE',
  errno: -98,
  syscall: 'listen',
  address: '0.0.0.0',
  port: 3000
}

Node.js v22.22.1
✅ Dashboard-Data written: /home/marius/agent_new_start/mas-agent/.mas/dashboards/data.json
   Agents: 50 | Changes: 1 | SI-Runs: 12 | Dispatch: 107
